Performing C SOURCE FILE Test CMAKE_HAVE_LIBC_PTHREAD failed with the following output:
Change Dir: C:/$$Meine Daten/Studium/Programmieren 1/Karteikartensystem/build/CMakeFiles/CMakeScratch/TryCompile-taxtxs

Run Build Command(s):C:/Program Files/Microsoft Visual Studio/2022/Community/MSBuild/Current/Bin/amd64/MSBuild.exe cmTC_0388f.vcxproj /p:Configuration=Debug /p:Platform=x64 /p:VisualStudioVersion=17.0 /v:m && MSBuild version 17.4.0+18d5aef85 for .NET Framework

  Microsoft (R) C/C++-Optimierungscompiler Version 19.34.31933 für x64

  src.c

  Copyright (C) Microsoft Corporation. Alle Rechte vorbehalten.

  cl /c /Zi /W3 /WX- /diagnostics:column /Od /Ob0 /D _MBCS /D WIN32 /D _WINDOWS /D CMAKE_HAVE_LIBC_PTHREAD /D "CMAKE_INTDIR=\"Debug\"" /Gm- /RTC1 /MDd /GS /fp:precise /Zc:wchar_t /Zc:forScope /Zc:inline /Fo"cmTC_0388f.dir\Debug\\" /Fd"cmTC_0388f.dir\Debug\vc143.pdb" /external:W3 /Gd /TC /errorReport:queue "C:\$$Meine Daten\Studium\Programmieren 1\Karteikartensystem\build\CMakeFiles\CMakeScratch\TryCompile-taxtxs\src.c"

C:\$$Meine Daten\Studium\Programmieren 1\Karteikartensystem\build\CMakeFiles\CMakeScratch\TryCompile-taxtxs\src.c(1,10): fatal  error C1083: Datei (Include) kann nicht geöffnet werden: "pthread.h": No such file or directory [C:\$$Meine Daten\Studium\Programmieren 1\Karteikartensystem\build\CMakeFiles\CMakeScratch\TryCompile-taxtxs\cmTC_0388f.vcxproj]



Source file was:
#include <pthread.h>

static void* test_func(void* times_correct)
{
  return times_correct;
}

int main(void)
{
  pthread_t thread;
  pthread_create(&thread, NULL, test_func, NULL);
  pthread_detach(thread);
  pthread_cancel(thread);
  pthread_join(thread, NULL);
  pthread_atfork(NULL, NULL, NULL);
  pthread_exit(NULL);

  return 0;
}


Determining if the function pthread_create exists in the pthreads failed with the following output:
Change Dir: C:/$$Meine Daten/Studium/Programmieren 1/Karteikartensystem/build/CMakeFiles/CMakeScratch/TryCompile-1w0p95

Run Build Command(s):C:/Program Files/Microsoft Visual Studio/2022/Community/MSBuild/Current/Bin/amd64/MSBuild.exe cmTC_8f3ed.vcxproj /p:Configuration=Debug /p:Platform=x64 /p:VisualStudioVersion=17.0 /v:m && MSBuild version 17.4.0+18d5aef85 for .NET Framework

  Microsoft (R) C/C++-Optimierungscompiler Version 19.34.31933 für x64

  CheckFunctionExists.c

  Copyright (C) Microsoft Corporation. Alle Rechte vorbehalten.

  cl /c /Zi /W3 /WX- /diagnostics:column /Od /Ob0 /D _MBCS /D WIN32 /D _WINDOWS /D CHECK_FUNCTION_EXISTS=pthread_create /D "CMAKE_INTDIR=\"Debug\"" /Gm- /RTC1 /MDd /GS /fp:precise /Zc:wchar_t /Zc:forScope /Zc:inline /Fo"cmTC_8f3ed.dir\Debug\\" /Fd"cmTC_8f3ed.dir\Debug\vc143.pdb" /external:W3 /Gd /TC /errorReport:queue "C:\$$Meine Daten\Studium\Programmieren 1\Karteikartensystem\build\CMakeFiles\CMakeScratch\TryCompile-1w0p95\CheckFunctionExists.c"

LINK : fatal error LNK1104: Datei "pthreads.lib" kann nicht geöffnet werden. [C:\$$Meine Daten\Studium\Programmieren 1\Karteikartensystem\build\CMakeFiles\CMakeScratch\TryCompile-1w0p95\cmTC_8f3ed.vcxproj]




Determining if the function pthread_create exists in the pthread failed with the following output:
Change Dir: C:/$$Meine Daten/Studium/Programmieren 1/Karteikartensystem/build/CMakeFiles/CMakeScratch/TryCompile-gupnmg

Run Build Command(s):C:/Program Files/Microsoft Visual Studio/2022/Community/MSBuild/Current/Bin/amd64/MSBuild.exe cmTC_0f59e.vcxproj /p:Configuration=Debug /p:Platform=x64 /p:VisualStudioVersion=17.0 /v:m && MSBuild version 17.4.0+18d5aef85 for .NET Framework

  Microsoft (R) C/C++-Optimierungscompiler Version 19.34.31933 für x64

  CheckFunctionExists.c

  Copyright (C) Microsoft Corporation. Alle Rechte vorbehalten.

  cl /c /Zi /W3 /WX- /diagnostics:column /Od /Ob0 /D _MBCS /D WIN32 /D _WINDOWS /D CHECK_FUNCTION_EXISTS=pthread_create /D "CMAKE_INTDIR=\"Debug\"" /Gm- /RTC1 /MDd /GS /fp:precise /Zc:wchar_t /Zc:forScope /Zc:inline /Fo"cmTC_0f59e.dir\Debug\\" /Fd"cmTC_0f59e.dir\Debug\vc143.pdb" /external:W3 /Gd /TC /errorReport:queue "C:\$$Meine Daten\Studium\Programmieren 1\Karteikartensystem\build\CMakeFiles\CMakeScratch\TryCompile-gupnmg\CheckFunctionExists.c"

LINK : fatal error LNK1104: Datei "pthread.lib" kann nicht geöffnet werden. [C:\$$Meine Daten\Studium\Programmieren 1\Karteikartensystem\build\CMakeFiles\CMakeScratch\TryCompile-gupnmg\cmTC_0f59e.vcxproj]




